2022-03-03 18:56:45,754 [http-nio-85-exec-10] ERROR com.example.newcode.aop.AopLog 49 - 用户[0:0:0:0:0:0:0:1],在[2022-03-03 18:56:45],访问了[com.example.newcode.controller.advice.ExceptionAdvice.handleException].
2022-03-03 18:56:45,756 [http-nio-85-exec-10] ERROR c.e.n.c.advice.ExceptionAdvice 29 - 服务器发生异常: For input string: "a"
2022-03-03 18:56:45,757 [http-nio-85-exec-10] ERROR c.e.n.c.advice.ExceptionAdvice 31 - java.lang.NumberFormatException.forInputString(NumberFormatException.java:65)
2022-03-03 18:56:45,757 [http-nio-85-exec-10] ERROR c.e.n.c.advice.ExceptionAdvice 31 - java.lang.Integer.parseInt(Integer.java:580)
2022-03-03 18:56:45,757 [http-nio-85-exec-10] ERROR c.e.n.c.advice.ExceptionAdvice 31 - java.lang.Integer.valueOf(Integer.java:766)
2022-03-03 18:56:45,757 [http-nio-85-exec-10] ERROR c.e.n.c.advice.ExceptionAdvice 31 - com.example.newcode.controller.LoginController.getDefaultKaptcha(LoginController.java:47)
2022-03-03 18:56:45,757 [http-nio-85-exec-10] ERROR c.e.n.c.advice.ExceptionAdvice 31 - com.example.newcode.controller.LoginController$$FastClassBySpringCGLIB$$c1d02605.invoke(<generated>)
2022-03-03 18:56:45,757 [http-nio-85-exec-10] ERROR c.e.n.c.advice.ExceptionAdvice 31 - org.springframework.cglib.proxy.MethodProxy.invoke(MethodProxy.java:218)
2022-03-03 18:56:45,758 [http-nio-85-exec-10] ERROR c.e.n.c.advice.ExceptionAdvice 31 - org.springframework.aop.framework.CglibAopProxy$CglibMethodInvocation.invokeJoinpoint(CglibAopProxy.java:771)
2022-03-03 18:56:45,758 [http-nio-85-exec-10] ERROR c.e.n.c.advice.ExceptionAdvice 31 - org.springframework.aop.framework.ReflectiveMethodInvocation.proceed(ReflectiveMethodInvocation.java:163)
2022-03-03 18:56:45,758 [http-nio-85-exec-10] ERROR c.e.n.c.advice.ExceptionAdvice 31 - org.springframework.aop.framework.CglibAopProxy$CglibMethodInvocation.proceed(CglibAopProxy.java:749)
2022-03-03 18:56:45,758 [http-nio-85-exec-10] ERROR c.e.n.c.advice.ExceptionAdvice 31 - org.springframework.aop.framework.adapter.MethodBeforeAdviceInterceptor.invoke(MethodBeforeAdviceInterceptor.java:56)
2022-03-03 18:56:45,758 [http-nio-85-exec-10] ERROR c.e.n.c.advice.ExceptionAdvice 31 - org.springframework.aop.framework.ReflectiveMethodInvocation.proceed(ReflectiveMethodInvocation.java:186)
2022-03-03 18:56:45,758 [http-nio-85-exec-10] ERROR c.e.n.c.advice.ExceptionAdvice 31 - org.springframework.aop.framework.CglibAopProxy$CglibMethodInvocation.proceed(CglibAopProxy.java:749)
2022-03-03 18:56:45,759 [http-nio-85-exec-10] ERROR c.e.n.c.advice.ExceptionAdvice 31 - org.springframework.aop.interceptor.ExposeInvocationInterceptor.invoke(ExposeInvocationInterceptor.java:95)
2022-03-03 18:56:45,759 [http-nio-85-exec-10] ERROR c.e.n.c.advice.ExceptionAdvice 31 - org.springframework.aop.framework.ReflectiveMethodInvocation.proceed(ReflectiveMethodInvocation.java:186)
2022-03-03 18:56:45,759 [http-nio-85-exec-10] ERROR c.e.n.c.advice.ExceptionAdvice 31 - org.springframework.aop.framework.CglibAopProxy$CglibMethodInvocation.proceed(CglibAopProxy.java:749)
2022-03-03 18:56:45,759 [http-nio-85-exec-10] ERROR c.e.n.c.advice.ExceptionAdvice 31 - org.springframework.aop.framework.CglibAopProxy$DynamicAdvisedInterceptor.intercept(CglibAopProxy.java:691)
2022-03-03 18:56:45,759 [http-nio-85-exec-10] ERROR c.e.n.c.advice.ExceptionAdvice 31 - com.example.newcode.controller.LoginController$$EnhancerBySpringCGLIB$$957a25fd.getDefaultKaptcha(<generated>)
2022-03-03 18:56:45,759 [http-nio-85-exec-10] ERROR c.e.n.c.advice.ExceptionAdvice 31 - sun.reflect.NativeMethodAccessorImpl.invoke0(Native Method)
2022-03-03 18:56:45,760 [http-nio-85-exec-10] ERROR c.e.n.c.advice.ExceptionAdvice 31 - sun.reflect.NativeMethodAccessorImpl.invoke(NativeMethodAccessorImpl.java:62)
2022-03-03 18:56:45,760 [http-nio-85-exec-10] ERROR c.e.n.c.advice.ExceptionAdvice 31 - sun.reflect.DelegatingMethodAccessorImpl.invoke(DelegatingMethodAccessorImpl.java:43)
2022-03-03 18:56:45,760 [http-nio-85-exec-10] ERROR c.e.n.c.advice.ExceptionAdvice 31 - java.lang.reflect.Method.invoke(Method.java:498)
2022-03-03 18:56:45,760 [http-nio-85-exec-10] ERROR c.e.n.c.advice.ExceptionAdvice 31 - org.springframework.web.method.support.InvocableHandlerMethod.doInvoke(InvocableHandlerMethod.java:190)
2022-03-03 18:56:45,760 [http-nio-85-exec-10] ERROR c.e.n.c.advice.ExceptionAdvice 31 - org.springframework.web.method.support.InvocableHandlerMethod.invokeForRequest(InvocableHandlerMethod.java:138)
2022-03-03 18:56:45,760 [http-nio-85-exec-10] ERROR c.e.n.c.advice.ExceptionAdvice 31 - org.springframework.web.servlet.mvc.method.annotation.ServletInvocableHandlerMethod.invokeAndHandle(ServletInvocableHandlerMethod.java:105)
2022-03-03 18:56:45,760 [http-nio-85-exec-10] ERROR c.e.n.c.advice.ExceptionAdvice 31 - org.springframework.web.servlet.mvc.method.annotation.RequestMappingHandlerAdapter.invokeHandlerMethod(RequestMappingHandlerAdapter.java:878)
2022-03-03 18:56:45,761 [http-nio-85-exec-10] ERROR c.e.n.c.advice.ExceptionAdvice 31 - org.springframework.web.servlet.mvc.method.annotation.RequestMappingHandlerAdapter.handleInternal(RequestMappingHandlerAdapter.java:792)
2022-03-03 18:56:45,761 [http-nio-85-exec-10] ERROR c.e.n.c.advice.ExceptionAdvice 31 - org.springframework.web.servlet.mvc.method.AbstractHandlerMethodAdapter.handle(AbstractHandlerMethodAdapter.java:87)
2022-03-03 18:56:45,761 [http-nio-85-exec-10] ERROR c.e.n.c.advice.ExceptionAdvice 31 - org.springframework.web.servlet.DispatcherServlet.doDispatch(DispatcherServlet.java:1040)
2022-03-03 18:56:45,761 [http-nio-85-exec-10] ERROR c.e.n.c.advice.ExceptionAdvice 31 - org.springframework.web.servlet.DispatcherServlet.doService(DispatcherServlet.java:943)
2022-03-03 18:56:45,761 [http-nio-85-exec-10] ERROR c.e.n.c.advice.ExceptionAdvice 31 - org.springframework.web.servlet.FrameworkServlet.processRequest(FrameworkServlet.java:1006)
2022-03-03 18:56:45,761 [http-nio-85-exec-10] ERROR c.e.n.c.advice.ExceptionAdvice 31 - org.springframework.web.servlet.FrameworkServlet.doGet(FrameworkServlet.java:898)
2022-03-03 18:56:45,761 [http-nio-85-exec-10] ERROR c.e.n.c.advice.ExceptionAdvice 31 - javax.servlet.http.HttpServlet.service(HttpServlet.java:626)
2022-03-03 18:56:45,762 [http-nio-85-exec-10] ERROR c.e.n.c.advice.ExceptionAdvice 31 - org.springframework.web.servlet.FrameworkServlet.service(FrameworkServlet.java:883)
2022-03-03 18:56:45,762 [http-nio-85-exec-10] ERROR c.e.n.c.advice.ExceptionAdvice 31 - javax.servlet.http.HttpServlet.service(HttpServlet.java:733)
2022-03-03 18:56:45,762 [http-nio-85-exec-10] ERROR c.e.n.c.advice.ExceptionAdvice 31 - org.apache.catalina.core.ApplicationFilterChain.internalDoFilter(ApplicationFilterChain.java:231)
2022-03-03 18:56:45,762 [http-nio-85-exec-10] ERROR c.e.n.c.advice.ExceptionAdvice 31 - org.apache.catalina.core.ApplicationFilterChain.doFilter(ApplicationFilterChain.java:166)
2022-03-03 18:56:45,762 [http-nio-85-exec-10] ERROR c.e.n.c.advice.ExceptionAdvice 31 - org.apache.tomcat.websocket.server.WsFilter.doFilter(WsFilter.java:53)
2022-03-03 18:56:45,762 [http-nio-85-exec-10] ERROR c.e.n.c.advice.ExceptionAdvice 31 - org.apache.catalina.core.ApplicationFilterChain.internalDoFilter(ApplicationFilterChain.java:193)
2022-03-03 18:56:45,762 [http-nio-85-exec-10] ERROR c.e.n.c.advice.ExceptionAdvice 31 - org.apache.catalina.core.ApplicationFilterChain.doFilter(ApplicationFilterChain.java:166)
2022-03-03 18:56:45,762 [http-nio-85-exec-10] ERROR c.e.n.c.advice.ExceptionAdvice 31 - org.springframework.web.filter.RequestContextFilter.doFilterInternal(RequestContextFilter.java:100)
2022-03-03 18:56:45,762 [http-nio-85-exec-10] ERROR c.e.n.c.advice.ExceptionAdvice 31 - org.springframework.web.filter.OncePerRequestFilter.doFilter(OncePerRequestFilter.java:119)
2022-03-03 18:56:45,763 [http-nio-85-exec-10] ERROR c.e.n.c.advice.ExceptionAdvice 31 - org.apache.catalina.core.ApplicationFilterChain.internalDoFilter(ApplicationFilterChain.java:193)
2022-03-03 18:56:45,763 [http-nio-85-exec-10] ERROR c.e.n.c.advice.ExceptionAdvice 31 - org.apache.catalina.core.ApplicationFilterChain.doFilter(ApplicationFilterChain.java:166)
2022-03-03 18:56:45,763 [http-nio-85-exec-10] ERROR c.e.n.c.advice.ExceptionAdvice 31 - org.springframework.web.filter.FormContentFilter.doFilterInternal(FormContentFilter.java:93)
2022-03-03 18:56:45,763 [http-nio-85-exec-10] ERROR c.e.n.c.advice.ExceptionAdvice 31 - org.springframework.web.filter.OncePerRequestFilter.doFilter(OncePerRequestFilter.java:119)
2022-03-03 18:56:45,763 [http-nio-85-exec-10] ERROR c.e.n.c.advice.ExceptionAdvice 31 - org.apache.catalina.core.ApplicationFilterChain.internalDoFilter(ApplicationFilterChain.java:193)
2022-03-03 18:56:45,763 [http-nio-85-exec-10] ERROR c.e.n.c.advice.ExceptionAdvice 31 - org.apache.catalina.core.ApplicationFilterChain.doFilter(ApplicationFilterChain.java:166)
2022-03-03 18:56:45,763 [http-nio-85-exec-10] ERROR c.e.n.c.advice.ExceptionAdvice 31 - org.springframework.web.filter.CharacterEncodingFilter.doFilterInternal(CharacterEncodingFilter.java:201)
2022-03-03 18:56:45,763 [http-nio-85-exec-10] ERROR c.e.n.c.advice.ExceptionAdvice 31 - org.springframework.web.filter.OncePerRequestFilter.doFilter(OncePerRequestFilter.java:119)
2022-03-03 18:56:45,763 [http-nio-85-exec-10] ERROR c.e.n.c.advice.ExceptionAdvice 31 - org.apache.catalina.core.ApplicationFilterChain.internalDoFilter(ApplicationFilterChain.java:193)
2022-03-03 18:56:45,764 [http-nio-85-exec-10] ERROR c.e.n.c.advice.ExceptionAdvice 31 - org.apache.catalina.core.ApplicationFilterChain.doFilter(ApplicationFilterChain.java:166)
2022-03-03 18:56:45,764 [http-nio-85-exec-10] ERROR c.e.n.c.advice.ExceptionAdvice 31 - org.apache.catalina.core.StandardWrapperValve.invoke(StandardWrapperValve.java:202)
2022-03-03 18:56:45,764 [http-nio-85-exec-10] ERROR c.e.n.c.advice.ExceptionAdvice 31 - org.apache.catalina.core.StandardContextValve.invoke(StandardContextValve.java:97)
2022-03-03 18:56:45,764 [http-nio-85-exec-10] ERROR c.e.n.c.advice.ExceptionAdvice 31 - org.apache.catalina.authenticator.AuthenticatorBase.invoke(AuthenticatorBase.java:542)
2022-03-03 18:56:45,764 [http-nio-85-exec-10] ERROR c.e.n.c.advice.ExceptionAdvice 31 - org.apache.catalina.core.StandardHostValve.invoke(StandardHostValve.java:143)
2022-03-03 18:56:45,764 [http-nio-85-exec-10] ERROR c.e.n.c.advice.ExceptionAdvice 31 - org.apache.catalina.valves.ErrorReportValve.invoke(ErrorReportValve.java:92)
2022-03-03 18:56:45,764 [http-nio-85-exec-10] ERROR c.e.n.c.advice.ExceptionAdvice 31 - org.apache.catalina.core.StandardEngineValve.invoke(StandardEngineValve.java:78)
2022-03-03 18:56:45,764 [http-nio-85-exec-10] ERROR c.e.n.c.advice.ExceptionAdvice 31 - org.apache.catalina.connector.CoyoteAdapter.service(CoyoteAdapter.java:343)
2022-03-03 18:56:45,764 [http-nio-85-exec-10] ERROR c.e.n.c.advice.ExceptionAdvice 31 - org.apache.coyote.http11.Http11Processor.service(Http11Processor.java:374)
2022-03-03 18:56:45,765 [http-nio-85-exec-10] ERROR c.e.n.c.advice.ExceptionAdvice 31 - org.apache.coyote.AbstractProcessorLight.process(AbstractProcessorLight.java:65)
2022-03-03 18:56:45,765 [http-nio-85-exec-10] ERROR c.e.n.c.advice.ExceptionAdvice 31 - org.apache.coyote.AbstractProtocol$ConnectionHandler.process(AbstractProtocol.java:888)
2022-03-03 18:56:45,765 [http-nio-85-exec-10] ERROR c.e.n.c.advice.ExceptionAdvice 31 - org.apache.tomcat.util.net.NioEndpoint$SocketProcessor.doRun(NioEndpoint.java:1597)
2022-03-03 18:56:45,765 [http-nio-85-exec-10] ERROR c.e.n.c.advice.ExceptionAdvice 31 - org.apache.tomcat.util.net.SocketProcessorBase.run(SocketProcessorBase.java:49)
2022-03-03 18:56:45,765 [http-nio-85-exec-10] ERROR c.e.n.c.advice.ExceptionAdvice 31 - java.util.concurrent.ThreadPoolExecutor.runWorker(ThreadPoolExecutor.java:1149)
2022-03-03 18:56:45,765 [http-nio-85-exec-10] ERROR c.e.n.c.advice.ExceptionAdvice 31 - java.util.concurrent.ThreadPoolExecutor$Worker.run(ThreadPoolExecutor.java:624)
2022-03-03 18:56:45,765 [http-nio-85-exec-10] ERROR c.e.n.c.advice.ExceptionAdvice 31 - org.apache.tomcat.util.threads.TaskThread$WrappingRunnable.run(TaskThread.java:61)
2022-03-03 18:56:45,765 [http-nio-85-exec-10] ERROR c.e.n.c.advice.ExceptionAdvice 31 - java.lang.Thread.run(Thread.java:748)
